2016-06-01 16:31:22,421 INFO  [org.jboss.modules] (main) JBoss Modules version 1.5.1.Final
2016-06-01 16:31:22,628 INFO  [org.jboss.msc] (main) JBoss MSC version 1.2.6.Final
2016-06-01 16:31:22,709 INFO  [org.jboss.as] (MSC service thread 1-6) WFLYSRV0049: WildFly Full 10.0.0.Final (WildFly Core 2.0.10.Final) starting
2016-06-01 16:31:22,711 DEBUG [org.jboss.as.config] (MSC service thread 1-6) Configured system properties:
	[Standalone] = 
	awt.toolkit = sun.awt.X11.XToolkit
	file.encoding = UTF-8
	file.encoding.pkg = sun.io
	file.separator = /
	java.awt.graphicsenv = sun.awt.X11GraphicsEnvironment
	java.awt.printerjob = sun.print.PSPrinterJob
	java.class.path = /home/tengyan/Documents/eclipse/eclipse-workspace/JuneFirst/target/wildfly-run/wildfly-10.0.0.Final/jboss-modules.jar
	java.class.version = 52.0
	java.endorsed.dirs = /usr/local/jdk1.8.0_91/jre/lib/endorsed
	java.ext.dirs = /usr/local/jdk1.8.0_91/jre/lib/ext:/usr/java/packages/lib/ext
	java.home = /usr/local/jdk1.8.0_91/jre
	java.io.tmpdir = /tmp
	java.library.path = /usr/java/packages/lib/amd64:/usr/lib64:/lib64:/lib:/usr/lib
	java.runtime.name = Java(TM) SE Runtime Environment
	java.runtime.version = 1.8.0_91-b14
	java.specification.name = Java Platform API Specification
	java.specification.vendor = Oracle Corporation
	java.specification.version = 1.8
	java.util.logging.manager = org.jboss.logmanager.LogManager
	java.vendor = Oracle Corporation
	java.vendor.url = http://java.oracle.com/
	java.vendor.url.bug = http://bugreport.sun.com/bugreport/
	java.version = 1.8.0_91
	java.vm.info = mixed mode
	java.vm.name = Java HotSpot(TM) 64-Bit Server VM
	java.vm.specification.name = Java Virtual Machine Specification
	java.vm.specification.vendor = Oracle Corporation
	java.vm.specification.version = 1.8
	java.vm.vendor = Oracle Corporation
	java.vm.version = 25.91-b14
	javax.management.builder.initial = org.jboss.as.jmx.PluggableMBeanServerBuilder
	javax.xml.datatype.DatatypeFactory = __redirected.__DatatypeFactory
	javax.xml.parsers.DocumentBuilderFactory = __redirected.__DocumentBuilderFactory
	javax.xml.parsers.SAXParserFactory = __redirected.__SAXParserFactory
	javax.xml.stream.XMLEventFactory = __redirected.__XMLEventFactory
	javax.xml.stream.XMLInputFactory = __redirected.__XMLInputFactory
	javax.xml.stream.XMLOutputFactory = __redirected.__XMLOutputFactory
	javax.xml.transform.TransformerFactory = __redirected.__TransformerFactory
	javax.xml.validation.SchemaFactory:http://www.w3.org/2001/XMLSchema = __redirected.__SchemaFactory
	javax.xml.xpath.XPathFactory:http://java.sun.com/jaxp/xpath/dom = __redirected.__XPathFactory
	jboss.home.dir = /home/tengyan/Documents/eclipse/eclipse-workspace/JuneFirst/target/wildfly-run/wildfly-10.0.0.Final
	jboss.host.name = dhcp-128-11
	jboss.modules.dir = /home/tengyan/Documents/eclipse/eclipse-workspace/JuneFirst/target/wildfly-run/wildfly-10.0.0.Final/modules
	jboss.node.name = dhcp-128-11
	jboss.qualified.host.name = dhcp-128-11.nay.redhat.com
	jboss.server.base.dir = /home/tengyan/Documents/eclipse/eclipse-workspace/JuneFirst/target/wildfly-run/wildfly-10.0.0.Final/standalone
	jboss.server.config.dir = /home/tengyan/Documents/eclipse/eclipse-workspace/JuneFirst/target/wildfly-run/wildfly-10.0.0.Final/standalone/configuration
	jboss.server.data.dir = /home/tengyan/Documents/eclipse/eclipse-workspace/JuneFirst/target/wildfly-run/wildfly-10.0.0.Final/standalone/data
	jboss.server.deploy.dir = /home/tengyan/Documents/eclipse/eclipse-workspace/JuneFirst/target/wildfly-run/wildfly-10.0.0.Final/standalone/data/content
	jboss.server.log.dir = /home/tengyan/Documents/eclipse/eclipse-workspace/JuneFirst/target/wildfly-run/wildfly-10.0.0.Final/standalone/log
	jboss.server.name = dhcp-128-11
	jboss.server.persist.config = true
	jboss.server.temp.dir = /home/tengyan/Documents/eclipse/eclipse-workspace/JuneFirst/target/wildfly-run/wildfly-10.0.0.Final/standalone/tmp
	line.separator = 

	logging.configuration = file:/home/tengyan/Documents/eclipse/eclipse-workspace/JuneFirst/target/wildfly-run/wildfly-10.0.0.Final/standalone/configuration/logging.properties
	module.path = /home/tengyan/Documents/eclipse/eclipse-workspace/JuneFirst/target/wildfly-run/wildfly-10.0.0.Final/modules
	org.jboss.boot.log.file = /home/tengyan/Documents/eclipse/eclipse-workspace/JuneFirst/target/wildfly-run/wildfly-10.0.0.Final/standalone/log/server.log
	org.jboss.resolver.warning = true
	org.xml.sax.driver = __redirected.__XMLReaderFactory
	os.arch = amd64
	os.name = Linux
	os.version = 4.4.9-300.fc23.x86_64
	path.separator = :
	sun.arch.data.model = 64
	sun.boot.class.path = /usr/local/jdk1.8.0_91/jre/lib/resources.jar:/usr/local/jdk1.8.0_91/jre/lib/rt.jar:/usr/local/jdk1.8.0_91/jre/lib/sunrsasign.jar:/usr/local/jdk1.8.0_91/jre/lib/jsse.jar:/usr/local/jdk1.8.0_91/jre/lib/jce.jar:/usr/local/jdk1.8.0_91/jre/lib/charsets.jar:/usr/local/jdk1.8.0_91/jre/lib/jfr.jar:/usr/local/jdk1.8.0_91/jre/classes
	sun.boot.library.path = /usr/local/jdk1.8.0_91/jre/lib/amd64
	sun.cpu.endian = little
	sun.cpu.isalist = 
	sun.desktop = gnome
	sun.io.unicode.encoding = UnicodeLittle
	sun.java.command = /home/tengyan/Documents/eclipse/eclipse-workspace/JuneFirst/target/wildfly-run/wildfly-10.0.0.Final/jboss-modules.jar -mp /home/tengyan/Documents/eclipse/eclipse-workspace/JuneFirst/target/wildfly-run/wildfly-10.0.0.Final/modules org.jboss.as.standalone -Djboss.home.dir=/home/tengyan/Documents/eclipse/eclipse-workspace/JuneFirst/target/wildfly-run/wildfly-10.0.0.Final -Djboss.server.base.dir=/home/tengyan/Documents/eclipse/eclipse-workspace/JuneFirst/target/wildfly-run/wildfly-10.0.0.Final/standalone -Djboss.server.log.dir=/home/tengyan/Documents/eclipse/eclipse-workspace/JuneFirst/target/wildfly-run/wildfly-10.0.0.Final/standalone/log -Djboss.server.config.dir=/home/tengyan/Documents/eclipse/eclipse-workspace/JuneFirst/target/wildfly-run/wildfly-10.0.0.Final/standalone/configuration
	sun.java.launcher = SUN_STANDARD
	sun.jnu.encoding = UTF-8
	sun.management.compiler = HotSpot 64-Bit Tiered Compilers
	sun.os.patch.level = unknown
	user.country = US
	user.dir = /home/tengyan/Documents/eclipse/eclipse-workspace/JuneFirst
	user.home = /home/tengyan
	user.language = en
	user.name = tengyan
	user.timezone = Asia/Shanghai
2016-06-01 16:31:22,712 DEBUG [org.jboss.as.config] (MSC service thread 1-6) VM Arguments: -D[Standalone] -Dorg.jboss.boot.log.file=/home/tengyan/Documents/eclipse/eclipse-workspace/JuneFirst/target/wildfly-run/wildfly-10.0.0.Final/standalone/log/server.log -Dlogging.configuration=file:/home/tengyan/Documents/eclipse/eclipse-workspace/JuneFirst/target/wildfly-run/wildfly-10.0.0.Final/standalone/configuration/logging.properties 
2016-06-01 16:31:23,996 INFO  [org.jboss.as.server] (Controller Boot Thread) WFLYSRV0039: Creating http management service using socket-binding (management-http)
2016-06-01 16:31:24,028 INFO  [org.xnio] (MSC service thread 1-7) XNIO version 3.3.4.Final
2016-06-01 16:31:24,039 INFO  [org.xnio.nio] (MSC service thread 1-7) XNIO NIO Implementation Version 3.3.4.Final
2016-06-01 16:31:24,104 INFO  [org.jboss.as.connector.subsystems.datasources] (ServerService Thread Pool -- 33) WFLYJCA0004: Deploying JDBC-compliant driver class org.h2.Driver (version 1.3)
2016-06-01 16:31:24,115 INFO  [org.wildfly.extension.io] (ServerService Thread Pool -- 37) WFLYIO001: Worker 'default' has auto-configured to 8 core threads with 64 task threads based on your 4 available processors
2016-06-01 16:31:24,125 INFO  [org.jboss.as.clustering.infinispan] (ServerService Thread Pool -- 38) WFLYCLINF0001: Activating Infinispan subsystem.
2016-06-01 16:31:24,167 INFO  [org.jboss.as.jsf] (ServerService Thread Pool -- 44) WFLYJSF0007: Activated the following JSF Implementations: [main]
2016-06-01 16:31:24,188 WARN  [org.jboss.as.txn] (ServerService Thread Pool -- 54) WFLYTX0013: Node identifier property is set to the default value. Please make sure it is unique.
2016-06-01 16:31:24,190 INFO  [org.jboss.as.naming] (ServerService Thread Pool -- 46) WFLYNAM0001: Activating Naming Subsystem
2016-06-01 16:31:24,190 INFO  [org.jboss.as.security] (ServerService Thread Pool -- 53) WFLYSEC0002: Activating Security Subsystem
2016-06-01 16:31:24,193 INFO  [org.jboss.as.connector] (MSC service thread 1-8) WFLYJCA0009: Starting JCA Subsystem (WildFly/IronJacamar 1.3.2.Final)
2016-06-01 16:31:24,210 INFO  [org.wildfly.extension.undertow] (MSC service thread 1-6) WFLYUT0003: Undertow 1.3.15.Final starting
2016-06-01 16:31:24,217 INFO  [org.jboss.as.webservices] (ServerService Thread Pool -- 56) WFLYWS0002: Activating WebServices Extension
2016-06-01 16:31:24,217 INFO  [org.wildfly.extension.undertow] (ServerService Thread Pool -- 55) WFLYUT0003: Undertow 1.3.15.Final starting
2016-06-01 16:31:24,324 INFO  [org.jboss.as.connector.deployers.jdbc] (MSC service thread 1-6) WFLYJCA0018: Started Driver service with driver-name = h2
2016-06-01 16:31:24,332 INFO  [org.jboss.as.security] (MSC service thread 1-8) WFLYSEC0001: Current PicketBox version=4.9.4.Final
2016-06-01 16:31:24,371 INFO  [org.jboss.as.naming] (MSC service thread 1-8) WFLYNAM0003: Starting Naming Service
2016-06-01 16:31:24,372 INFO  [org.jboss.as.mail.extension] (MSC service thread 1-8) WFLYMAIL0001: Bound mail session [java:jboss/mail/Default]
2016-06-01 16:31:24,381 INFO  [org.jboss.remoting] (MSC service thread 1-7) JBoss Remoting version 4.0.18.Final
2016-06-01 16:31:24,490 INFO  [org.wildfly.extension.undertow] (ServerService Thread Pool -- 55) WFLYUT0014: Creating file handler for path '/home/tengyan/Documents/eclipse/eclipse-workspace/JuneFirst/target/wildfly-run/wildfly-10.0.0.Final/welcome-content' with options [directory-listing: 'false', follow-symlink: 'false', case-sensitive: 'true', safe-symlink-paths: '[]']
2016-06-01 16:31:24,520 INFO  [org.wildfly.extension.undertow] (MSC service thread 1-6) WFLYUT0012: Started server default-server.
2016-06-01 16:31:24,535 INFO  [org.wildfly.extension.undertow] (MSC service thread 1-3) WFLYUT0018: Host default-host starting
2016-06-01 16:31:24,675 INFO  [org.jboss.as.ejb3] (MSC service thread 1-5) WFLYEJB0481: Strict pool slsb-strict-max-pool is using a max instance size of 64 (per class), which is derived from thread worker pool sizing.
2016-06-01 16:31:24,676 INFO  [org.jboss.as.ejb3] (MSC service thread 1-2) WFLYEJB0482: Strict pool mdb-strict-max-pool is using a max instance size of 16 (per class), which is derived from the number of CPUs on this host.
2016-06-01 16:31:24,721 INFO  [org.wildfly.extension.undertow] (MSC service thread 1-6) WFLYUT0006: Undertow HTTP listener default listening on 127.0.0.1:8080
2016-06-01 16:31:24,900 INFO  [org.jboss.as.connector.subsystems.datasources] (MSC service thread 1-3) WFLYJCA0001: Bound data source [java:jboss/datasources/ExampleDS]
2016-06-01 16:31:25,057 INFO  [org.jboss.as.server.deployment.scanner] (MSC service thread 1-6) WFLYDS0013: Started FileSystemDeploymentService for directory /home/tengyan/Documents/eclipse/eclipse-workspace/JuneFirst/target/wildfly-run/wildfly-10.0.0.Final/standalone/deployments
2016-06-01 16:31:25,408 INFO  [org.infinispan.factories.GlobalComponentRegistry] (MSC service thread 1-3) ISPN000128: Infinispan version: Infinispan 'Mahou' 8.1.0.Final
2016-06-01 16:31:25,410 INFO  [org.infinispan.factories.GlobalComponentRegistry] (MSC service thread 1-4) ISPN000128: Infinispan version: Infinispan 'Mahou' 8.1.0.Final
2016-06-01 16:31:25,412 INFO  [org.infinispan.factories.GlobalComponentRegistry] (MSC service thread 1-1) ISPN000128: Infinispan version: Infinispan 'Mahou' 8.1.0.Final
2016-06-01 16:31:25,420 INFO  [org.jboss.ws.common.management] (MSC service thread 1-2) JBWS022052: Starting JBossWS 5.1.3.Final (Apache CXF 3.1.4) 
2016-06-01 16:31:26,548 INFO  [org.jboss.as] (Controller Boot Thread) WFLYSRV0060: Http management interface listening on http://127.0.0.1:9990/management
2016-06-01 16:31:26,550 INFO  [org.jboss.as] (Controller Boot Thread) WFLYSRV0051: Admin console listening on http://127.0.0.1:9990
2016-06-01 16:31:26,551 INFO  [org.jboss.as] (Controller Boot Thread) WFLYSRV0025: WildFly Full 10.0.0.Final (WildFly Core 2.0.10.Final) started in 5545ms - Started 267 of 553 services (371 services are lazy, passive or on-demand)
2016-06-01 16:31:26,747 INFO  [org.jboss.as.repository] (management-handler-thread - 3) WFLYDR0001: Content added at location /home/tengyan/Documents/eclipse/eclipse-workspace/JuneFirst/target/wildfly-run/wildfly-10.0.0.Final/standalone/data/content/1c/807da26e36a5481f950618bc56bd0a23b8690a/content
2016-06-01 16:31:26,772 INFO  [org.jboss.as.server.deployment] (MSC service thread 1-4) WFLYSRV0027: Starting deployment of "JuneFirst-1.0.0-SNAPSHOT.war" (runtime-name: "JuneFirst-1.0.0-SNAPSHOT.war")
2016-06-01 16:31:27,504 INFO  [org.wildfly.extension.undertow] (ServerService Thread Pool -- 7) WFLYUT0021: Registered web context: /JuneFirst-1.0.0-SNAPSHOT
2016-06-01 16:31:27,565 INFO  [org.jboss.as.server] (management-handler-thread - 3) WFLYSRV0010: Deployed "JuneFirst-1.0.0-SNAPSHOT.war" (runtime-name : "JuneFirst-1.0.0-SNAPSHOT.war")
